<?xml version="1.0" encoding="UTF-8"?>
<!-- Generated by org.testng.reporters.JUnitReportReporter -->
<testsuite hostname="DESKTOP-6FQQ1FF" failures="0" tests="2" name="com.Facebook.Assertion" time="0.358" errors="0" timestamp="2023-09-19T00:41:13 EDT" skipped="0">
  <testcase classname="com.Facebook.Assertion" name="assertion" time="0.054"/>
  <system-out/>
  <testcase classname="com.Facebook.Assertion" name="facebookLoginTest" time="0.304"/>
  <system-out/>
</testsuite> <!-- com.Facebook.Assertion -->
